Arguments: 
  /Users/jiafengzhou/.nvm/versions/node/v14.17.0/bin/node /Users/jiafengzhou/.nvm/versions/node/v14.17.0/bin/yarn add @type/node -D

PATH: 
  /Users/jiafengzhou/.nvm/versions/node/v14.17.0/bin:/Users/jiafengzhou/.nvm/versions/node/v10.16.3/bin:/usr/local/sbin:/usr/local/bin:/usr/local/bin:/usr/local/bin:/usr/bin:/bin:/usr/sbin:/sbin:/Library/Apple/usr/bin:/Users/jiafengzhou/.nvm/versions/node/v10.16.3/bin:/usr/local/sbin:/usr/local/mysql/bin:/usr/local/mysql/bin

Yarn version: 
  1.22.18

Node version: 
  14.17.0

Platform: 
  darwin x64

Trace: 
  Error: http://94.74.106.191:8081/repository/quick-npm-group/@type%2fnode: Not found
      at Request.params.callback [as _callback] (/Users/jiafengzhou/.nvm/versions/node/v14.17.0/lib/node_modules/yarn/lib/cli.js:66138:18)
      at Request.self.callback (/Users/jiafengzhou/.nvm/versions/node/v14.17.0/lib/node_modules/yarn/lib/cli.js:140883:22)
      at Request.emit (events.js:376:20)
      at Request.<anonymous> (/Users/jiafengzhou/.nvm/versions/node/v14.17.0/lib/node_modules/yarn/lib/cli.js:141855:10)
      at Request.emit (events.js:376:20)
      at IncomingMessage.<anonymous> (/Users/jiafengzhou/.nvm/versions/node/v14.17.0/lib/node_modules/yarn/lib/cli.js:141777:12)
      at Object.onceWrapper (events.js:482:28)
      at IncomingMessage.emit (events.js:388:22)
      at endReadableNT (internal/streams/readable.js:1336:12)
      at processTicksAndRejections (internal/process/task_queues.js:82:21)

npm manifest: 
  {
    "name": "translate-tool",
    "version": "1.0.0",
    "description": "",
    "main": "index.js",
    "scripts": {
      "test": "echo \"Error: no test specified\" && exit 1"
    },
    "author": "zhoujiafeng",
    "license": "ISC"
  }

yarn manifest: 
  No manifest

Lockfile: 
  No lockfile
